[     424ms] [INFO] Banner not shown: beforeinstallpromptevent.preventDefault() called. The page must call beforeinstallpromptevent.prompt() to show the banner. @ https://chronicle.dk/login:0
[   35010ms] [INFO] [2026-04-03T05:19:47.494Z] Information: Normalizing '/hubs/chat' to 'https://chronicle.dk/hubs/chat'. @ https://chronicle.dk/assets/index-BWSynaeI.js:15
[   35011ms] [INFO] [2026-04-03T05:19:47.496Z] Information: Normalizing '/hubs/notifications' to 'https://chronicle.dk/hubs/notifications'. @ https://chronicle.dk/assets/index-BWSynaeI.js:15
[   35121ms] [INFO] [2026-04-03T05:19:47.605Z] Information: WebSocket connected to wss://chronicle.dk/hubs/chat?id=x_seUICVgaZqIqOij9pKsg&access_token=eyJhbGciOiJIUzI1NiIsInR5cCI6IkpXVCJ9.eyJzdWIiOiIxYTQ4YWEzMi1kZWViLTQ1YzItYmFmMS0wMzIwMjFmZDIxN2IiLCJ1bmlxdWVfbmFtZSI6ImFkbWluIiwianRpIjoiZGMxMGRjNGItODY2OS00NzdkLTlmMTItYmU5YjgzYjIyOGI5IiwiaXNEbSI6InRydWUiLCJleHAiOjE3NzUxOTcxODgsImlzcyI6IkNocm9uaWNsZUFwaSIsImF1ZCI6IkNocm9uaWNsZVdlYiJ9.yuP49oWaVGsfkeylboNl9pvBjneV8FFyse_JEVrX3Zw. @ https://chronicle.dk/assets/index-BWSynaeI.js:15
[   35165ms] [INFO] [2026-04-03T05:19:47.649Z] Information: WebSocket connected to wss://chronicle.dk/hubs/notifications?id=Z-watvJHEnOkq41CkmPDfA&access_token=eyJhbGciOiJIUzI1NiIsInR5cCI6IkpXVCJ9.eyJzdWIiOiIxYTQ4YWEzMi1kZWViLTQ1YzItYmFmMS0wMzIwMjFmZDIxN2IiLCJ1bmlxdWVfbmFtZSI6ImFkbWluIiwianRpIjoiZGMxMGRjNGItODY2OS00NzdkLTlmMTItYmU5YjgzYjIyOGI5IiwiaXNEbSI6InRydWUiLCJleHAiOjE3NzUxOTcxODgsImlzcyI6IkNocm9uaWNsZUFwaSIsImF1ZCI6IkNocm9uaWNsZVdlYiJ9.yuP49oWaVGsfkeylboNl9pvBjneV8FFyse_JEVrX3Zw. @ https://chronicle.dk/assets/index-BWSynaeI.js:15
[  106979ms] [ERROR] [2026-04-03T05:20:59.464Z] Error: Connection disconnected with error 'Error: WebSocket closed with status code: 1006 (no reason given).'. @ https://chronicle.dk/assets/index-BWSynaeI.js:15
[  106981ms] [ERROR] [2026-04-03T05:20:59.465Z] Error: Connection disconnected with error 'Error: WebSocket closed with status code: 1006 (no reason given).'. @ https://chronicle.dk/assets/index-BWSynaeI.js:15
[  106995ms] [ERROR] Failed to load resource: the server responded with a status of 502 () @ https://chronicle.dk/hubs/notifications/negotiate?negotiateVersion=1:0
[  106996ms] [ERROR] [2026-04-03T05:20:59.480Z] Error: Failed to complete negotiation with the server: Error: : Status code '502' @ https://chronicle.dk/assets/index-BWSynaeI.js:15
[  106996ms] [ERROR] [2026-04-03T05:20:59.481Z] Error: Failed to start the connection: Error: Failed to complete negotiation with the server: Error: : Status code '502' @ https://chronicle.dk/assets/index-BWSynaeI.js:15
[  106997ms] [ERROR] Failed to load resource: the server responded with a status of 502 () @ https://chronicle.dk/hubs/chat/negotiate?negotiateVersion=1:0
[  106998ms] [ERROR] [2026-04-03T05:20:59.482Z] Error: Failed to complete negotiation with the server: Error: : Status code '502' @ https://chronicle.dk/assets/index-BWSynaeI.js:15
[  106998ms] [ERROR] [2026-04-03T05:20:59.482Z] Error: Failed to start the connection: Error: Failed to complete negotiation with the server: Error: : Status code '502' @ https://chronicle.dk/assets/index-BWSynaeI.js:15
[  109022ms] [ERROR] Failed to load resource: the server responded with a status of 502 () @ https://chronicle.dk/hubs/notifications/negotiate?negotiateVersion=1:0
[  109022ms] [ERROR] [2026-04-03T05:21:01.507Z] Error: Failed to complete negotiation with the server: Error: : Status code '502' @ https://chronicle.dk/assets/index-BWSynaeI.js:15
[  109022ms] [ERROR] [2026-04-03T05:21:01.507Z] Error: Failed to start the connection: Error: Failed to complete negotiation with the server: Error: : Status code '502' @ https://chronicle.dk/assets/index-BWSynaeI.js:15
[  109023ms] [ERROR] Failed to load resource: the server responded with a status of 502 () @ https://chronicle.dk/hubs/chat/negotiate?negotiateVersion=1:0
[  109023ms] [ERROR] [2026-04-03T05:21:01.507Z] Error: Failed to complete negotiation with the server: Error: : Status code '502' @ https://chronicle.dk/assets/index-BWSynaeI.js:15
[  109023ms] [ERROR] [2026-04-03T05:21:01.507Z] Error: Failed to start the connection: Error: Failed to complete negotiation with the server: Error: : Status code '502' @ https://chronicle.dk/assets/index-BWSynaeI.js:15
[  119373ms] [INFO] [2026-04-03T05:21:11.857Z] Information: WebSocket connected to wss://chronicle.dk/hubs/chat?id=fUlMwX6-afDcFq-BkZoZPA&access_token=eyJhbGciOiJIUzI1NiIsInR5cCI6IkpXVCJ9.eyJzdWIiOiIxYTQ4YWEzMi1kZWViLTQ1YzItYmFmMS0wMzIwMjFmZDIxN2IiLCJ1bmlxdWVfbmFtZSI6ImFkbWluIiwianRpIjoiZGMxMGRjNGItODY2OS00NzdkLTlmMTItYmU5YjgzYjIyOGI5IiwiaXNEbSI6InRydWUiLCJleHAiOjE3NzUxOTcxODgsImlzcyI6IkNocm9uaWNsZUFwaSIsImF1ZCI6IkNocm9uaWNsZVdlYiJ9.yuP49oWaVGsfkeylboNl9pvBjneV8FFyse_JEVrX3Zw. @ https://chronicle.dk/assets/index-BWSynaeI.js:15
[  119425ms] [INFO] [2026-04-03T05:21:11.910Z] Information: WebSocket connected to wss://chronicle.dk/hubs/notifications?id=WUgP7FPiJxBhDpMpt-rI2g&access_token=eyJhbGciOiJIUzI1NiIsInR5cCI6IkpXVCJ9.eyJzdWIiOiIxYTQ4YWEzMi1kZWViLTQ1YzItYmFmMS0wMzIwMjFmZDIxN2IiLCJ1bmlxdWVfbmFtZSI6ImFkbWluIiwianRpIjoiZGMxMGRjNGItODY2OS00NzdkLTlmMTItYmU5YjgzYjIyOGI5IiwiaXNEbSI6InRydWUiLCJleHAiOjE3NzUxOTcxODgsImlzcyI6IkNocm9uaWNsZUFwaSIsImF1ZCI6IkNocm9uaWNsZVdlYiJ9.yuP49oWaVGsfkeylboNl9pvBjneV8FFyse_JEVrX3Zw. @ https://chronicle.dk/assets/index-BWSynaeI.js:15
[  186822ms] [ERROR] [2026-04-03T05:22:19.307Z] Error: Connection disconnected with error 'Error: WebSocket closed with status code: 1006 (no reason given).'. @ https://chronicle.dk/assets/index-BWSynaeI.js:15
[  186823ms] [ERROR] [2026-04-03T05:22:19.307Z] Error: Connection disconnected with error 'Error: WebSocket closed with status code: 1006 (no reason given).'. @ https://chronicle.dk/assets/index-BWSynaeI.js:15
[  186843ms] [ERROR] Failed to load resource: the server responded with a status of 502 () @ https://chronicle.dk/hubs/notifications/negotiate?negotiateVersion=1:0
[  186843ms] [ERROR] [2026-04-03T05:22:19.328Z] Error: Failed to complete negotiation with the server: Error: : Status code '502' @ https://chronicle.dk/assets/index-BWSynaeI.js:15
[  186843ms] [ERROR] [2026-04-03T05:22:19.328Z] Error: Failed to start the connection: Error: Failed to complete negotiation with the server: Error: : Status code '502' @ https://chronicle.dk/assets/index-BWSynaeI.js:15
[  186845ms] [ERROR] Failed to load resource: the server responded with a status of 502 () @ https://chronicle.dk/hubs/chat/negotiate?negotiateVersion=1:0
[  186845ms] [ERROR] [2026-04-03T05:22:19.330Z] Error: Failed to complete negotiation with the server: Error: : Status code '502' @ https://chronicle.dk/assets/index-BWSynaeI.js:15
[  186845ms] [ERROR] [2026-04-03T05:22:19.330Z] Error: Failed to start the connection: Error: Failed to complete negotiation with the server: Error: : Status code '502' @ https://chronicle.dk/assets/index-BWSynaeI.js:15
[  188875ms] [ERROR] Failed to load resource: the server responded with a status of 502 () @ https://chronicle.dk/hubs/notifications/negotiate?negotiateVersion=1:0
[  188875ms] [ERROR] [2026-04-03T05:22:21.360Z] Error: Failed to complete negotiation with the server: Error: : Status code '502' @ https://chronicle.dk/assets/index-BWSynaeI.js:15
[  188875ms] [ERROR] [2026-04-03T05:22:21.360Z] Error: Failed to start the connection: Error: Failed to complete negotiation with the server: Error: : Status code '502' @ https://chronicle.dk/assets/index-BWSynaeI.js:15
[  188878ms] [ERROR] Failed to load resource: the server responded with a status of 502 () @ https://chronicle.dk/hubs/chat/negotiate?negotiateVersion=1:0
[  188878ms] [ERROR] [2026-04-03T05:22:21.363Z] Error: Failed to complete negotiation with the server: Error: : Status code '502' @ https://chronicle.dk/assets/index-BWSynaeI.js:15
[  188879ms] [ERROR] [2026-04-03T05:22:21.363Z] Error: Failed to start the connection: Error: Failed to complete negotiation with the server: Error: : Status code '502' @ https://chronicle.dk/assets/index-BWSynaeI.js:15
